<?xml version="1.0" encoding="UTF-8"?>
<robot generator="Robot 3.1.2 (Python 3.7.6 on win32)" generated="20201004 13:46:39.822" rpa="false">
<suite id="s1" name="Test Case" source="D:\Portfolio\RobotFrameWork\test\Test Case.robot">
<kw name="Begin web test" library="common" type="setup">
<kw name="Open Browser" library="SeleniumLibrary">
<doc>Opens a new browser instance to the optional ``url``.</doc>
<arguments>
<arg>about:blank</arg>
<arg>${BROWSER}</arg>
</arguments>
<msg timestamp="20201004 13:46:40.077" level="INFO">Opening browser 'gc' to base url 'about:blank'.</msg>
<status status="PASS" starttime="20201004 13:46:40.076" endtime="20201004 13:46:43.402"></status>
</kw>
<kw name="Set Browser Implicit Wait" library="SeleniumLibrary">
<doc>Sets the implicit wait value used by Selenium.</doc>
<arguments>
<arg>1sec</arg>
</arguments>
<status status="PASS" starttime="20201004 13:46:43.402" endtime="20201004 13:46:43.405"></status>
</kw>
<kw name="Maximize Browser Window" library="SeleniumLibrary">
<doc>Maximizes current browser window.</doc>
<status status="PASS" starttime="20201004 13:46:43.405" endtime="20201004 13:46:45.523"></status>
</kw>
<kw name="Set Selenium Speed" library="SeleniumLibrary">
<doc>Sets the delay that is waited after each Selenium command.</doc>
<arguments>
<arg>1sec</arg>
</arguments>
<status status="PASS" starttime="20201004 13:46:45.523" endtime="20201004 13:46:45.524"></status>
</kw>
<status status="PASS" starttime="20201004 13:46:40.076" endtime="20201004 13:46:45.524"></status>
</kw>
<test id="s1-t1" name="User Find Shirts items in Men’s Fashion category">
<kw name="User able to visit homepage amazaon" library="homepage">
<kw name="Go To" library="SeleniumLibrary">
<doc>Navigates the current browser window to the provided ``url``.</doc>
<arguments>
<arg>${url_home_amazon}</arg>
</arguments>
<msg timestamp="20201004 13:46:45.526" level="INFO">Opening url 'https://www.amazon.com/'</msg>
<status status="PASS" starttime="20201004 13:46:45.526" endtime="20201004 13:46:48.771"></status>
</kw>
<status status="PASS" starttime="20201004 13:46:45.525" endtime="20201004 13:46:48.772"></status>
</kw>
<kw name="User able click humberger button" library="homepage">
<kw name="Wait and click" library="customKeyword">
<arguments>
<arg>${humberger_button}</arg>
</arguments>
<kw name="Scroll Element Into View" library="SeleniumLibrary">
<doc>Scrolls the element identified by ``locator`` into view.</doc>
<arguments>
<arg>${locator}</arg>
</arguments>
<status status="PASS" starttime="20201004 13:46:48.776" endtime="20201004 13:46:51.129"></status>
</kw>
<kw name="Wait Until Element Is Visible" library="SeleniumLibrary">
<doc>Waits until the element ``locator`` is visible.</doc>
<arguments>
<arg>${locator}</arg>
</arguments>
<status status="PASS" starttime="20201004 13:46:51.129" endtime="20201004 13:46:53.156"></status>
</kw>
<kw name="Click Element" library="SeleniumLibrary">
<doc>Click the element identified by ``locator``.</doc>
<arguments>
<arg>${locator}</arg>
</arguments>
<msg timestamp="20201004 13:46:53.157" level="INFO">Clicking element 'css=#nav-hamburger-menu'.</msg>
<status status="PASS" starttime="20201004 13:46:53.156" endtime="20201004 13:46:55.311"></status>
</kw>
<status status="PASS" starttime="20201004 13:46:48.775" endtime="20201004 13:46:55.311"></status>
</kw>
<status status="PASS" starttime="20201004 13:46:48.774" endtime="20201004 13:46:55.311"></status>
</kw>
<kw name="User able click man fashion button" library="homepage">
<kw name="Wait and click" library="customKeyword">
<arguments>
<arg>${man_fashion_button}</arg>
</arguments>
<kw name="Scroll Element Into View" library="SeleniumLibrary">
<doc>Scrolls the element identified by ``locator`` into view.</doc>
<arguments>
<arg>${locator}</arg>
</arguments>
<status status="PASS" starttime="20201004 13:46:55.313" endtime="20201004 13:46:57.640"></status>
</kw>
<kw name="Wait Until Element Is Visible" library="SeleniumLibrary">
<doc>Waits until the element ``locator`` is visible.</doc>
<arguments>
<arg>${locator}</arg>
</arguments>
<status status="PASS" starttime="20201004 13:46:57.641" endtime="20201004 13:46:59.731"></status>
</kw>
<kw name="Click Element" library="SeleniumLibrary">
<doc>Click the element identified by ``locator``.</doc>
<arguments>
<arg>${locator}</arg>
</arguments>
<msg timestamp="20201004 13:46:59.732" level="INFO">Clicking element 'xpath=//div[.="Men's Fashion"]'.</msg>
<status status="PASS" starttime="20201004 13:46:59.732" endtime="20201004 13:47:01.879"></status>
</kw>
<status status="PASS" starttime="20201004 13:46:55.313" endtime="20201004 13:47:01.880"></status>
</kw>
<status status="PASS" starttime="20201004 13:46:55.312" endtime="20201004 13:47:01.881"></status>
</kw>
<kw name="User able click man clothing button" library="homepage">
<kw name="Wait and click" library="customKeyword">
<arguments>
<arg>${man_clothing_button}</arg>
</arguments>
<kw name="Scroll Element Into View" library="SeleniumLibrary">
<doc>Scrolls the element identified by ``locator`` into view.</doc>
<arguments>
<arg>${locator}</arg>
</arguments>
<status status="PASS" starttime="20201004 13:47:01.886" endtime="20201004 13:47:04.212"></status>
</kw>
<kw name="Wait Until Element Is Visible" library="SeleniumLibrary">
<doc>Waits until the element ``locator`` is visible.</doc>
<arguments>
<arg>${locator}</arg>
</arguments>
<status status="PASS" starttime="20201004 13:47:04.213" endtime="20201004 13:47:06.276"></status>
</kw>
<kw name="Click Element" library="SeleniumLibrary">
<doc>Click the element identified by ``locator``.</doc>
<arguments>
<arg>${locator}</arg>
</arguments>
<msg timestamp="20201004 13:47:06.279" level="INFO">Clicking element 'xpath=//ul[@class='hmenu hmenu-visible hmenu-translateX']//a[.='Clothing']'.</msg>
<status status="PASS" starttime="20201004 13:47:06.277" endtime="20201004 13:47:11.681"></status>
</kw>
<status status="PASS" starttime="20201004 13:47:01.885" endtime="20201004 13:47:11.682"></status>
</kw>
<status status="PASS" starttime="20201004 13:47:01.884" endtime="20201004 13:47:11.682"></status>
</kw>
<kw name="User able click first item man clothing button" library="homepage">
<kw name="Wait and click" library="customKeyword">
<arguments>
<arg>${man_clothing_first}</arg>
</arguments>
<kw name="Scroll Element Into View" library="SeleniumLibrary">
<doc>Scrolls the element identified by ``locator`` into view.</doc>
<arguments>
<arg>${locator}</arg>
</arguments>
<status status="PASS" starttime="20201004 13:47:11.688" endtime="20201004 13:47:14.083"></status>
</kw>
<kw name="Wait Until Element Is Visible" library="SeleniumLibrary">
<doc>Waits until the element ``locator`` is visible.</doc>
<arguments>
<arg>${locator}</arg>
</arguments>
<status status="PASS" starttime="20201004 13:47:14.084" endtime="20201004 13:47:16.159"></status>
</kw>
<kw name="Click Element" library="SeleniumLibrary">
<doc>Click the element identified by ``locator``.</doc>
<arguments>
<arg>${locator}</arg>
</arguments>
<msg timestamp="20201004 13:47:16.162" level="INFO">Clicking element '//span[.="Hanes Men's 5-Pack Sports-Inspired Cool Dri Boxer Brief"]'.</msg>
<status status="PASS" starttime="20201004 13:47:16.160" endtime="20201004 13:47:20.270"></status>
</kw>
<status status="PASS" starttime="20201004 13:47:11.686" endtime="20201004 13:47:20.271"></status>
</kw>
<status status="PASS" starttime="20201004 13:47:11.684" endtime="20201004 13:47:20.272"></status>
</kw>
<tags>
<tag>Amazon</tag>
</tags>
<status status="PASS" starttime="20201004 13:46:45.524" endtime="20201004 13:47:20.274" critical="yes"></status>
</test>
<test id="s1-t2" name="User Select first available product and add to cart with quantity as 2.">
<kw name="User able choose size available" library="homepage">
<kw name="Wait and click" library="customKeyword">
<arguments>
<arg>${select_size}</arg>
</arguments>
<kw name="Scroll Element Into View" library="SeleniumLibrary">
<doc>Scrolls the element identified by ``locator`` into view.</doc>
<arguments>
<arg>${locator}</arg>
</arguments>
<status status="PASS" starttime="20201004 13:47:20.286" endtime="20201004 13:47:22.672"></status>
</kw>
<kw name="Wait Until Element Is Visible" library="SeleniumLibrary">
<doc>Waits until the element ``locator`` is visible.</doc>
<arguments>
<arg>${locator}</arg>
</arguments>
<status status="PASS" starttime="20201004 13:47:22.673" endtime="20201004 13:47:24.736"></status>
</kw>
<kw name="Click Element" library="SeleniumLibrary">
<doc>Click the element identified by ``locator``.</doc>
<arguments>
<arg>${locator}</arg>
</arguments>
<msg timestamp="20201004 13:47:24.737" level="INFO">Clicking element '//span[@id='dropdown_selected_size_name']//span[@class='a-dropdown-prompt']'.</msg>
<status status="PASS" starttime="20201004 13:47:24.736" endtime="20201004 13:47:26.874"></status>
</kw>
<status status="PASS" starttime="20201004 13:47:20.285" endtime="20201004 13:47:26.875"></status>
</kw>
<kw name="Wait and click" library="customKeyword">
<arguments>
<arg>${dropdown_small}</arg>
</arguments>
<kw name="Scroll Element Into View" library="SeleniumLibrary">
<doc>Scrolls the element identified by ``locator`` into view.</doc>
<arguments>
<arg>${locator}</arg>
</arguments>
<status status="PASS" starttime="20201004 13:47:26.876" endtime="20201004 13:47:29.195"></status>
</kw>
<kw name="Wait Until Element Is Visible" library="SeleniumLibrary">
<doc>Waits until the element ``locator`` is visible.</doc>
<arguments>
<arg>${locator}</arg>
</arguments>
<status status="PASS" starttime="20201004 13:47:29.195" endtime="20201004 13:47:31.258"></status>
</kw>
<kw name="Click Element" library="SeleniumLibrary">
<doc>Click the element identified by ``locator``.</doc>
<arguments>
<arg>${locator}</arg>
</arguments>
<msg timestamp="20201004 13:47:31.259" level="INFO">Clicking element '//a[.='Small']'.</msg>
<status status="PASS" starttime="20201004 13:47:31.258" endtime="20201004 13:47:33.436"></status>
</kw>
<status status="PASS" starttime="20201004 13:47:26.875" endtime="20201004 13:47:33.437"></status>
</kw>
<status status="PASS" starttime="20201004 13:47:20.284" endtime="20201004 13:47:33.438"></status>
</kw>
<kw name="User able add quantity" library="homepage">
<kw name="Wait and click" library="customKeyword">
<arguments>
<arg>${select_amount}</arg>
</arguments>
<kw name="Scroll Element Into View" library="SeleniumLibrary">
<doc>Scrolls the element identified by ``locator`` into view.</doc>
<arguments>
<arg>${locator}</arg>
</arguments>
<status status="PASS" starttime="20201004 13:47:33.446" endtime="20201004 13:47:36.136"></status>
</kw>
<kw name="Wait Until Element Is Visible" library="SeleniumLibrary">
<doc>Waits until the element ``locator`` is visible.</doc>
<arguments>
<arg>${locator}</arg>
</arguments>
<status status="PASS" starttime="20201004 13:47:36.136" endtime="20201004 13:47:38.189"></status>
</kw>
<kw name="Click Element" library="SeleniumLibrary">
<doc>Click the element identified by ``locator``.</doc>
<arguments>
<arg>${locator}</arg>
</arguments>
<msg timestamp="20201004 13:47:38.191" level="INFO">Clicking element 'xpath=//span[@class='a-dropdown-label']'.</msg>
<status status="PASS" starttime="20201004 13:47:38.190" endtime="20201004 13:47:40.362"></status>
</kw>
<status status="PASS" starttime="20201004 13:47:33.443" endtime="20201004 13:47:40.363"></status>
</kw>
<kw name="Wait and click" library="customKeyword">
<arguments>
<arg>${select_amount_2}</arg>
</arguments>
<kw name="Scroll Element Into View" library="SeleniumLibrary">
<doc>Scrolls the element identified by ``locator`` into view.</doc>
<arguments>
<arg>${locator}</arg>
</arguments>
<status status="PASS" starttime="20201004 13:47:40.364" endtime="20201004 13:47:42.682"></status>
</kw>
<kw name="Wait Until Element Is Visible" library="SeleniumLibrary">
<doc>Waits until the element ``locator`` is visible.</doc>
<arguments>
<arg>${locator}</arg>
</arguments>
<status status="PASS" starttime="20201004 13:47:42.682" endtime="20201004 13:47:44.739"></status>
</kw>
<kw name="Click Element" library="SeleniumLibrary">
<doc>Click the element identified by ``locator``.</doc>
<arguments>
<arg>${locator}</arg>
</arguments>
<msg timestamp="20201004 13:47:44.740" level="INFO">Clicking element 'css=#quantity_1'.</msg>
<status status="PASS" starttime="20201004 13:47:44.739" endtime="20201004 13:47:46.937"></status>
</kw>
<status status="PASS" starttime="20201004 13:47:40.363" endtime="20201004 13:47:46.937"></status>
</kw>
<status status="PASS" starttime="20201004 13:47:33.440" endtime="20201004 13:47:46.937"></status>
</kw>
<kw name="User able add product to cart" library="homepage">
<kw name="Wait and click" library="customKeyword">
<arguments>
<arg>${add_cart_button}</arg>
</arguments>
<kw name="Scroll Element Into View" library="SeleniumLibrary">
<doc>Scrolls the element identified by ``locator`` into view.</doc>
<arguments>
<arg>${locator}</arg>
</arguments>
<status status="PASS" starttime="20201004 13:47:46.939" endtime="20201004 13:47:49.222"></status>
</kw>
<kw name="Wait Until Element Is Visible" library="SeleniumLibrary">
<doc>Waits until the element ``locator`` is visible.</doc>
<arguments>
<arg>${locator}</arg>
</arguments>
<status status="PASS" starttime="20201004 13:47:49.223" endtime="20201004 13:47:51.288"></status>
</kw>
<kw name="Click Element" library="SeleniumLibrary">
<doc>Click the element identified by ``locator``.</doc>
<arguments>
<arg>${locator}</arg>
</arguments>
<msg timestamp="20201004 13:47:51.290" level="INFO">Clicking element 'css=#add-to-cart-button'.</msg>
<status status="PASS" starttime="20201004 13:47:51.289" endtime="20201004 13:47:55.448"></status>
</kw>
<status status="PASS" starttime="20201004 13:47:46.939" endtime="20201004 13:47:55.448"></status>
</kw>
<status status="PASS" starttime="20201004 13:47:46.938" endtime="20201004 13:47:55.448"></status>
</kw>
<status status="PASS" starttime="20201004 13:47:20.279" endtime="20201004 13:47:55.449" critical="yes"></status>
</test>
<test id="s1-t3" name="User search for “women’s sneakers” from search bar">
<kw name="User able search women’s sneakers" library="homepage">
<kw name="Wait and input" library="customKeyword">
<arguments>
<arg>@{search_field}</arg>
</arguments>
<kw name="Scroll Element Into View" library="SeleniumLibrary">
<doc>Scrolls the element identified by ``locator`` into view.</doc>
<arguments>
<arg>${locator}</arg>
</arguments>
<status status="PASS" starttime="20201004 13:47:55.455" endtime="20201004 13:47:57.776"></status>
</kw>
<kw name="Wait Until Element Is Visible" library="SeleniumLibrary">
<doc>Waits until the element ``locator`` is visible.</doc>
<arguments>
<arg>${locator}</arg>
</arguments>
<status status="PASS" starttime="20201004 13:47:57.777" endtime="20201004 13:47:59.832"></status>
</kw>
<kw name="Input Text" library="SeleniumLibrary">
<doc>Types the given ``text`` into the text field identified by ``locator``.</doc>
<arguments>
<arg>${locator}</arg>
<arg>${input}</arg>
</arguments>
<msg timestamp="20201004 13:47:59.832" level="INFO">Typing text 'women’s sneakers' into text field 'css=#twotabsearchtextbox'.</msg>
<status status="PASS" starttime="20201004 13:47:59.832" endtime="20201004 13:48:03.014"></status>
</kw>
<status status="PASS" starttime="20201004 13:47:55.454" endtime="20201004 13:48:03.014"></status>
</kw>
<kw name="Wait and click" library="customKeyword">
<arguments>
<arg>${search_button}</arg>
</arguments>
<kw name="Scroll Element Into View" library="SeleniumLibrary">
<doc>Scrolls the element identified by ``locator`` into view.</doc>
<arguments>
<arg>${locator}</arg>
</arguments>
<status status="PASS" starttime="20201004 13:48:03.015" endtime="20201004 13:48:05.311"></status>
</kw>
<kw name="Wait Until Element Is Visible" library="SeleniumLibrary">
<doc>Waits until the element ``locator`` is visible.</doc>
<arguments>
<arg>${locator}</arg>
</arguments>
<status status="PASS" starttime="20201004 13:48:05.311" endtime="20201004 13:48:07.350"></status>
</kw>
<kw name="Click Element" library="SeleniumLibrary">
<doc>Click the element identified by ``locator``.</doc>
<arguments>
<arg>${locator}</arg>
</arguments>
<msg timestamp="20201004 13:48:07.351" level="INFO">Clicking element 'xpath=//div[@class='nav-search-submit nav-sprite']//input[@class='nav-input']'.</msg>
<status status="PASS" starttime="20201004 13:48:07.350" endtime="20201004 13:48:12.256"></status>
</kw>
<status status="PASS" starttime="20201004 13:48:03.014" endtime="20201004 13:48:12.257"></status>
</kw>
<status status="PASS" starttime="20201004 13:47:55.453" endtime="20201004 13:48:12.257"></status>
</kw>
<kw name="User able choose first sneakers" library="homepage">
<kw name="Wait and click" library="customKeyword">
<arguments>
<arg>${sneakers_1}</arg>
</arguments>
<kw name="Scroll Element Into View" library="SeleniumLibrary">
<doc>Scrolls the element identified by ``locator`` into view.</doc>
<arguments>
<arg>${locator}</arg>
</arguments>
<status status="PASS" starttime="20201004 13:48:12.266" endtime="20201004 13:48:14.644"></status>
</kw>
<kw name="Wait Until Element Is Visible" library="SeleniumLibrary">
<doc>Waits until the element ``locator`` is visible.</doc>
<arguments>
<arg>${locator}</arg>
</arguments>
<status status="PASS" starttime="20201004 13:48:14.646" endtime="20201004 13:48:16.713"></status>
</kw>
<kw name="Click Element" library="SeleniumLibrary">
<doc>Click the element identified by ``locator``.</doc>
<arguments>
<arg>${locator}</arg>
</arguments>
<msg timestamp="20201004 13:48:16.714" level="INFO">Clicking element 'xpath=//span[contains(text(),"adidas Women's Cloudfoam Pure Running Shoe")]'.</msg>
<status status="PASS" starttime="20201004 13:48:16.713" endtime="20201004 13:48:21.196"></status>
</kw>
<status status="PASS" starttime="20201004 13:48:12.265" endtime="20201004 13:48:21.196"></status>
</kw>
<kw name="Wait and click" library="customKeyword">
<arguments>
<arg>${select_size}</arg>
</arguments>
<kw name="Scroll Element Into View" library="SeleniumLibrary">
<doc>Scrolls the element identified by ``locator`` into view.</doc>
<arguments>
<arg>${locator}</arg>
</arguments>
<status status="PASS" starttime="20201004 13:48:21.198" endtime="20201004 13:48:23.924"></status>
</kw>
<kw name="Wait Until Element Is Visible" library="SeleniumLibrary">
<doc>Waits until the element ``locator`` is visible.</doc>
<arguments>
<arg>${locator}</arg>
</arguments>
<status status="PASS" starttime="20201004 13:48:23.925" endtime="20201004 13:48:25.977"></status>
</kw>
<kw name="Click Element" library="SeleniumLibrary">
<doc>Click the element identified by ``locator``.</doc>
<arguments>
<arg>${locator}</arg>
</arguments>
<msg timestamp="20201004 13:48:25.979" level="INFO">Clicking element '//span[@id='dropdown_selected_size_name']//span[@class='a-dropdown-prompt']'.</msg>
<status status="PASS" starttime="20201004 13:48:25.978" endtime="20201004 13:48:28.138"></status>
</kw>
<status status="PASS" starttime="20201004 13:48:21.197" endtime="20201004 13:48:28.138"></status>
</kw>
<kw name="Wait and click" library="customKeyword">
<arguments>
<arg>${dropdown_size_5}</arg>
</arguments>
<kw name="Scroll Element Into View" library="SeleniumLibrary">
<doc>Scrolls the element identified by ``locator`` into view.</doc>
<arguments>
<arg>${locator}</arg>
</arguments>
<status status="PASS" starttime="20201004 13:48:28.140" endtime="20201004 13:48:30.455"></status>
</kw>
<kw name="Wait Until Element Is Visible" library="SeleniumLibrary">
<doc>Waits until the element ``locator`` is visible.</doc>
<arguments>
<arg>${locator}</arg>
</arguments>
<status status="PASS" starttime="20201004 13:48:30.455" endtime="20201004 13:48:32.493"></status>
</kw>
<kw name="Click Element" library="SeleniumLibrary">
<doc>Click the element identified by ``locator``.</doc>
<arguments>
<arg>${locator}</arg>
</arguments>
<msg timestamp="20201004 13:48:32.494" level="INFO">Clicking element '//a[.='5']'.</msg>
<status status="PASS" starttime="20201004 13:48:32.493" endtime="20201004 13:48:34.663"></status>
</kw>
<status status="PASS" starttime="20201004 13:48:28.139" endtime="20201004 13:48:34.664"></status>
</kw>
<status status="PASS" starttime="20201004 13:48:12.262" endtime="20201004 13:48:34.664"></status>
</kw>
<tags>
<tag>Amazon</tag>
</tags>
<status status="PASS" starttime="20201004 13:47:55.452" endtime="20201004 13:48:34.666" critical="yes"></status>
</test>
<test id="s1-t4" name="User Open the shopping cart and reduce the quantity of the shirts to 1.">
<kw name="User able add sneakers to cart" library="homepage">
<kw name="Wait and click" library="customKeyword">
<arguments>
<arg>${select_amount}</arg>
</arguments>
<kw name="Scroll Element Into View" library="SeleniumLibrary">
<doc>Scrolls the element identified by ``locator`` into view.</doc>
<arguments>
<arg>${locator}</arg>
</arguments>
<status status="PASS" starttime="20201004 13:48:34.680" endtime="20201004 13:48:37.224"></status>
</kw>
<kw name="Wait Until Element Is Visible" library="SeleniumLibrary">
<doc>Waits until the element ``locator`` is visible.</doc>
<arguments>
<arg>${locator}</arg>
</arguments>
<status status="PASS" starttime="20201004 13:48:37.224" endtime="20201004 13:48:39.276"></status>
</kw>
<kw name="Click Element" library="SeleniumLibrary">
<doc>Click the element identified by ``locator``.</doc>
<arguments>
<arg>${locator}</arg>
</arguments>
<msg timestamp="20201004 13:48:39.278" level="INFO">Clicking element 'xpath=//span[@class='a-dropdown-label']'.</msg>
<status status="PASS" starttime="20201004 13:48:39.277" endtime="20201004 13:48:41.454"></status>
</kw>
<status status="PASS" starttime="20201004 13:48:34.679" endtime="20201004 13:48:41.454"></status>
</kw>
<kw name="Wait and click" library="customKeyword">
<arguments>
<arg>${select_amount_1}</arg>
</arguments>
<kw name="Scroll Element Into View" library="SeleniumLibrary">
<doc>Scrolls the element identified by ``locator`` into view.</doc>
<arguments>
<arg>${locator}</arg>
</arguments>
<status status="PASS" starttime="20201004 13:48:41.454" endtime="20201004 13:48:43.731"></status>
</kw>
<kw name="Wait Until Element Is Visible" library="SeleniumLibrary">
<doc>Waits until the element ``locator`` is visible.</doc>
<arguments>
<arg>${locator}</arg>
</arguments>
<status status="PASS" starttime="20201004 13:48:43.731" endtime="20201004 13:48:45.758"></status>
</kw>
<kw name="Click Element" library="SeleniumLibrary">
<doc>Click the element identified by ``locator``.</doc>
<arguments>
<arg>${locator}</arg>
</arguments>
<msg timestamp="20201004 13:48:45.759" level="INFO">Clicking element 'css=#quantity_0'.</msg>
<status status="PASS" starttime="20201004 13:48:45.758" endtime="20201004 13:48:47.969"></status>
</kw>
<status status="PASS" starttime="20201004 13:48:41.454" endtime="20201004 13:48:47.970"></status>
</kw>
<kw name="Wait and click" library="customKeyword">
<arguments>
<arg>${add_cart_button}</arg>
</arguments>
<kw name="Scroll Element Into View" library="SeleniumLibrary">
<doc>Scrolls the element identified by ``locator`` into view.</doc>
<arguments>
<arg>${locator}</arg>
</arguments>
<status status="PASS" starttime="20201004 13:48:47.972" endtime="20201004 13:48:50.273"></status>
</kw>
<kw name="Wait Until Element Is Visible" library="SeleniumLibrary">
<doc>Waits until the element ``locator`` is visible.</doc>
<arguments>
<arg>${locator}</arg>
</arguments>
<status status="PASS" starttime="20201004 13:48:50.274" endtime="20201004 13:48:52.326"></status>
</kw>
<kw name="Click Element" library="SeleniumLibrary">
<doc>Click the element identified by ``locator``.</doc>
<arguments>
<arg>${locator}</arg>
</arguments>
<msg timestamp="20201004 13:48:52.328" level="INFO">Clicking element 'css=#add-to-cart-button'.</msg>
<status status="PASS" starttime="20201004 13:48:52.327" endtime="20201004 13:48:55.849"></status>
</kw>
<status status="PASS" starttime="20201004 13:48:47.971" endtime="20201004 13:48:55.850"></status>
</kw>
<status status="PASS" starttime="20201004 13:48:34.678" endtime="20201004 13:48:55.850"></status>
</kw>
<kw name="User able to open cart and reduce quantity shirt" library="homepage">
<kw name="Wait and click" library="customKeyword">
<arguments>
<arg>${cart}</arg>
</arguments>
<kw name="Scroll Element Into View" library="SeleniumLibrary">
<doc>Scrolls the element identified by ``locator`` into view.</doc>
<arguments>
<arg>${locator}</arg>
</arguments>
<status status="PASS" starttime="20201004 13:48:55.858" endtime="20201004 13:48:58.207"></status>
</kw>
<kw name="Wait Until Element Is Visible" library="SeleniumLibrary">
<doc>Waits until the element ``locator`` is visible.</doc>
<arguments>
<arg>${locator}</arg>
</arguments>
<status status="PASS" starttime="20201004 13:48:58.207" endtime="20201004 13:49:00.247"></status>
</kw>
<kw name="Click Element" library="SeleniumLibrary">
<doc>Click the element identified by ``locator``.</doc>
<arguments>
<arg>${locator}</arg>
</arguments>
<msg timestamp="20201004 13:49:00.248" level="INFO">Clicking element 'css=#hlb-view-cart-announce'.</msg>
<status status="PASS" starttime="20201004 13:49:00.247" endtime="20201004 13:49:04.328"></status>
</kw>
<status status="PASS" starttime="20201004 13:48:55.855" endtime="20201004 13:49:04.329"></status>
</kw>
<kw name="Wait and click" library="customKeyword">
<arguments>
<arg>${amount_reduce}</arg>
</arguments>
<kw name="Scroll Element Into View" library="SeleniumLibrary">
<doc>Scrolls the element identified by ``locator`` into view.</doc>
<arguments>
<arg>${locator}</arg>
</arguments>
<status status="PASS" starttime="20201004 13:49:04.331" endtime="20201004 13:49:06.675"></status>
</kw>
<kw name="Wait Until Element Is Visible" library="SeleniumLibrary">
<doc>Waits until the element ``locator`` is visible.</doc>
<arguments>
<arg>${locator}</arg>
</arguments>
<status status="PASS" starttime="20201004 13:49:06.675" endtime="20201004 13:49:08.706"></status>
</kw>
<kw name="Click Element" library="SeleniumLibrary">
<doc>Click the element identified by ``locator``.</doc>
<arguments>
<arg>${locator}</arg>
</arguments>
<msg timestamp="20201004 13:49:08.707" level="INFO">Clicking element 'css=#a-autoid-2-announce'.</msg>
<status status="PASS" starttime="20201004 13:49:08.706" endtime="20201004 13:49:10.847"></status>
</kw>
<status status="PASS" starttime="20201004 13:49:04.329" endtime="20201004 13:49:10.847"></status>
</kw>
<kw name="Wait and click" library="customKeyword">
<arguments>
<arg>${dropdown}</arg>
</arguments>
<kw name="Scroll Element Into View" library="SeleniumLibrary">
<doc>Scrolls the element identified by ``locator`` into view.</doc>
<arguments>
<arg>${locator}</arg>
</arguments>
<status status="PASS" starttime="20201004 13:49:10.848" endtime="20201004 13:49:13.152"></status>
</kw>
<kw name="Wait Until Element Is Visible" library="SeleniumLibrary">
<doc>Waits until the element ``locator`` is visible.</doc>
<arguments>
<arg>${locator}</arg>
</arguments>
<status status="PASS" starttime="20201004 13:49:13.153" endtime="20201004 13:49:15.205"></status>
</kw>
<kw name="Click Element" library="SeleniumLibrary">
<doc>Click the element identified by ``locator``.</doc>
<arguments>
<arg>${locator}</arg>
</arguments>
<msg timestamp="20201004 13:49:15.206" level="INFO">Clicking element 'css=#dropdown1_1'.</msg>
<status status="PASS" starttime="20201004 13:49:15.206" endtime="20201004 13:49:17.356"></status>
</kw>
<status status="PASS" starttime="20201004 13:49:10.847" endtime="20201004 13:49:17.356"></status>
</kw>
<status status="PASS" starttime="20201004 13:48:55.853" endtime="20201004 13:49:17.357"></status>
</kw>
<tags>
<tag>Amazon</tag>
</tags>
<status status="PASS" starttime="20201004 13:48:34.673" endtime="20201004 13:49:17.358" critical="yes"></status>
</test>
<test id="s1-t5" name="User Proceed to checkout.">
<kw name="User able to proceed to checkout" library="homepage">
<kw name="Wait and click" library="customKeyword">
<arguments>
<arg>${check_out}</arg>
</arguments>
<kw name="Scroll Element Into View" library="SeleniumLibrary">
<doc>Scrolls the element identified by ``locator`` into view.</doc>
<arguments>
<arg>${locator}</arg>
</arguments>
<status status="PASS" starttime="20201004 13:49:17.374" endtime="20201004 13:49:19.671"></status>
</kw>
<kw name="Wait Until Element Is Visible" library="SeleniumLibrary">
<doc>Waits until the element ``locator`` is visible.</doc>
<arguments>
<arg>${locator}</arg>
</arguments>
<status status="PASS" starttime="20201004 13:49:19.671" endtime="20201004 13:49:21.718"></status>
</kw>
<kw name="Click Element" library="SeleniumLibrary">
<doc>Click the element identified by ``locator``.</doc>
<arguments>
<arg>${locator}</arg>
</arguments>
<msg timestamp="20201004 13:49:21.721" level="INFO">Clicking element 'xpath=//input[@name='proceedToRetailCheckout']'.</msg>
<status status="PASS" starttime="20201004 13:49:21.719" endtime="20201004 13:49:25.836"></status>
</kw>
<status status="PASS" starttime="20201004 13:49:17.373" endtime="20201004 13:49:25.836"></status>
</kw>
<status status="PASS" starttime="20201004 13:49:17.372" endtime="20201004 13:49:25.836"></status>
</kw>
<tags>
<tag>Amazon</tag>
</tags>
<status status="PASS" starttime="20201004 13:49:17.371" endtime="20201004 13:49:25.837" critical="yes"></status>
</test>
<test id="s1-t6" name="User Sign in Amazon">
<kw name="User able open amazon" library="login">
<kw name="Go To" library="SeleniumLibrary">
<doc>Navigates the current browser window to the provided ``url``.</doc>
<arguments>
<arg>${url_sign_in_amazon}</arg>
</arguments>
<msg timestamp="20201004 13:49:25.840" level="INFO">Opening url 'https://amazon.com/gp/sign-in.html'</msg>
<status status="PASS" starttime="20201004 13:49:25.840" endtime="20201004 13:49:28.757"></status>
</kw>
<status status="PASS" starttime="20201004 13:49:25.839" endtime="20201004 13:49:28.757"></status>
</kw>
<kw name="User able input email" library="login">
<kw name="Input Text" library="SeleniumLibrary">
<doc>Types the given ``text`` into the text field identified by ``locator``.</doc>
<arguments>
<arg>${login_email}</arg>
<arg>${email}</arg>
</arguments>
<msg timestamp="20201004 13:49:28.759" level="INFO">Typing text 'gromadhan@gmail.com' into text field 'css=#ap_email'.</msg>
<status status="PASS" starttime="20201004 13:49:28.759" endtime="20201004 13:49:31.956"></status>
</kw>
<status status="PASS" starttime="20201004 13:49:28.758" endtime="20201004 13:49:31.957"></status>
</kw>
<kw name="User able continue" library="login">
<kw name="Wait and click" library="customKeyword">
<arguments>
<arg>${continue_button}</arg>
</arguments>
<kw name="Scroll Element Into View" library="SeleniumLibrary">
<doc>Scrolls the element identified by ``locator`` into view.</doc>
<arguments>
<arg>${locator}</arg>
</arguments>
<status status="PASS" starttime="20201004 13:49:31.961" endtime="20201004 13:49:34.304"></status>
</kw>
<kw name="Wait Until Element Is Visible" library="SeleniumLibrary">
<doc>Waits until the element ``locator`` is visible.</doc>
<arguments>
<arg>${locator}</arg>
</arguments>
<status status="PASS" starttime="20201004 13:49:34.305" endtime="20201004 13:49:36.363"></status>
</kw>
<kw name="Click Element" library="SeleniumLibrary">
<doc>Click the element identified by ``locator``.</doc>
<arguments>
<arg>${locator}</arg>
</arguments>
<msg timestamp="20201004 13:49:36.363" level="INFO">Clicking element 'css=#continue'.</msg>
<status status="PASS" starttime="20201004 13:49:36.363" endtime="20201004 13:49:39.838"></status>
</kw>
<status status="PASS" starttime="20201004 13:49:31.959" endtime="20201004 13:49:39.838"></status>
</kw>
<status status="PASS" starttime="20201004 13:49:31.958" endtime="20201004 13:49:39.838"></status>
</kw>
<kw name="User able input password" library="login">
<kw name="Input Password" library="SeleniumLibrary">
<doc>Types the given password into the text field identified by ``locator``.</doc>
<arguments>
<arg>${user_password}</arg>
<arg>${password}</arg>
</arguments>
<msg timestamp="20201004 13:49:39.840" level="INFO">Typing password into text field 'css=#ap_password'.</msg>
<msg timestamp="20201004 13:49:41.915" level="INFO">Temporally setting log level to: NONE</msg>
<msg timestamp="20201004 13:49:42.993" level="INFO">Log level changed from NONE to INFO.</msg>
<status status="PASS" starttime="20201004 13:49:39.839" endtime="20201004 13:49:42.995"></status>
</kw>
<status status="PASS" starttime="20201004 13:49:39.839" endtime="20201004 13:49:42.995"></status>
</kw>
<kw name="User submit credential" library="login">
<kw name="Wait and click" library="customKeyword">
<arguments>
<arg>${submit_Sign_In}</arg>
</arguments>
<kw name="Scroll Element Into View" library="SeleniumLibrary">
<doc>Scrolls the element identified by ``locator`` into view.</doc>
<arguments>
<arg>${locator}</arg>
</arguments>
<status status="PASS" starttime="20201004 13:49:43.003" endtime="20201004 13:49:45.316"></status>
</kw>
<kw name="Wait Until Element Is Visible" library="SeleniumLibrary">
<doc>Waits until the element ``locator`` is visible.</doc>
<arguments>
<arg>${locator}</arg>
</arguments>
<status status="PASS" starttime="20201004 13:49:45.317" endtime="20201004 13:49:47.393"></status>
</kw>
<kw name="Click Element" library="SeleniumLibrary">
<doc>Click the element identified by ``locator``.</doc>
<arguments>
<arg>${locator}</arg>
</arguments>
<msg timestamp="20201004 13:49:47.395" level="INFO">Clicking element 'css=#signInSubmit'.</msg>
<status status="PASS" starttime="20201004 13:49:47.394" endtime="20201004 13:49:49.556"></status>
</kw>
<status status="PASS" starttime="20201004 13:49:43.000" endtime="20201004 13:49:49.556"></status>
</kw>
<status status="PASS" starttime="20201004 13:49:42.998" endtime="20201004 13:49:49.556"></status>
</kw>
<tags>
<tag>Amazon</tag>
</tags>
<status status="PASS" starttime="20201004 13:49:25.839" endtime="20201004 13:49:49.558" critical="yes"></status>
</test>
<test id="s1-t7" name="User Sign Out Amazon from side bar">
<kw name="User able click humberger button" library="homepage">
<kw name="Wait and click" library="customKeyword">
<arguments>
<arg>${humberger_button}</arg>
</arguments>
<kw name="Scroll Element Into View" library="SeleniumLibrary">
<doc>Scrolls the element identified by ``locator`` into view.</doc>
<arguments>
<arg>${locator}</arg>
</arguments>
<kw name="Capture Page Screenshot" library="SeleniumLibrary">
<doc>Takes a screenshot of the current page and embeds it into a log file.</doc>
<msg timestamp="20201004 13:49:53.638" level="INFO" html="yes">&lt;/td&gt;&lt;/tr&gt;&lt;tr&gt;&lt;td colspan="3"&gt;&lt;a href="selenium-screenshot-25.png"&gt;&lt;img src="selenium-screenshot-25.png" width="800px"&gt;&lt;/a&gt;</msg>
<status status="PASS" starttime="20201004 13:49:52.268" endtime="20201004 13:49:53.638"></status>
</kw>
<msg timestamp="20201004 13:49:53.645" level="FAIL">Element with locator 'css=#nav-hamburger-menu' not found.</msg>
<status status="FAIL" starttime="20201004 13:49:49.563" endtime="20201004 13:49:53.646"></status>
</kw>
<status status="FAIL" starttime="20201004 13:49:49.562" endtime="20201004 13:49:53.646"></status>
</kw>
<status status="FAIL" starttime="20201004 13:49:49.562" endtime="20201004 13:49:53.647"></status>
</kw>
<tags>
<tag>Amazon</tag>
</tags>
<status status="FAIL" starttime="20201004 13:49:49.560" endtime="20201004 13:49:53.648" critical="yes">Element with locator 'css=#nav-hamburger-menu' not found.</status>
</test>
<kw name="End web test" library="common" type="teardown">
<kw name="Sleep" library="BuiltIn">
<doc>Pauses the test executed for the given time.</doc>
<arguments>
<arg>5sec</arg>
</arguments>
<msg timestamp="20201004 13:49:58.654" level="INFO">Slept 5 seconds</msg>
<status status="PASS" starttime="20201004 13:49:53.653" endtime="20201004 13:49:58.654"></status>
</kw>
<kw name="Close Browser" library="SeleniumLibrary">
<doc>Closes the current browser.</doc>
<status status="PASS" starttime="20201004 13:49:58.655" endtime="20201004 13:50:01.786"></status>
</kw>
<status status="PASS" starttime="20201004 13:49:53.652" endtime="20201004 13:50:01.786"></status>
</kw>
<doc>Pomona amazon web test
Change directory to Robot-Framework-Pomona
Run "robot -d Results --variable BROWSER:gc test/Pomona.robot" to run in chrome browser</doc>
<status status="FAIL" starttime="20201004 13:46:39.823" endtime="20201004 13:50:01.786"></status>
</suite>
<statistics>
<total>
<stat pass="6" fail="1">Critical Tests</stat>
<stat pass="6" fail="1">All Tests</stat>
</total>
<tag>
<stat pass="5" fail="1">Amazon</stat>
</tag>
<suite>
<stat pass="6" fail="1" id="s1" name="Test Case">Test Case</stat>
</suite>
</statistics>
<errors>
</errors>
</robot>
